<?xml version="1.0" encoding="UTF-8"?>
<TestRun id="01e4ff46-a39f-4e06-acb5-08a2c7f6cebb" name="Anonymous@ANONYMOUS-PC 2013-10-29 17:08:52" runUser="Anonymous-PC\Anonymous" xmlns="http://microsoft.com/schemas/VisualStudio/TeamTest/2010">
  <TestSettings name="Local" id="a283386d-58c7-4b11-bc54-140fd5381b68">
    <Description>These are default test settings for a local test run.</Description>
    <Deployment enabled="false" runDeploymentRoot="Anonymous_ANONYMOUS-PC 2013-10-29 17_08_52">
      <DeploymentItem filename="C:\Users\Anonymous\Documents\Visual Studio 2010\Projects\FP\FP\bin\Debug\FP.exe" />
    </Deployment>
    <Execution>
      <TestTypeSpecific />
      <AgentRule name="Execution Agents">
      </AgentRule>
    </Execution>
  </TestSettings>
  <Times creation="2013-10-29T17:08:52.8317933+06:00" queuing="2013-10-29T17:08:55.4129409+06:00" start="2013-10-29T17:08:55.7079578+06:00" finish="2013-10-29T17:08:58.9471431+06:00" />
  <ResultSummary outcome="Completed">
    <Counters total="1" executed="1" passed="1" error="0" failed="0" timeout="0" aborted="0" inconclusive="0" passedButRunAborted="0" notRunnable="0" notExecuted="0" disconnected="0" warning="0" completed="0" inProgress="0" pending="0" />
  </ResultSummary>
  <TestDefinitions>
    <UnitTest name="CreateFPTreeAndGenerateFrequentItemsetsTest" storage="c:\users\anonymous\documents\visual studio 2010\projects\fp\fptests\bin\debug\fptests.dll" id="8916fbf7-ae10-ef6b-ce0d-0b99d058f863">
      <Execution id="2e833f3c-b84a-4a3b-b81b-6b3dcf7b615b" />
      <TestMethod codeBase="C:/Users/Anonymous/Documents/Visual Studio 2010/Projects/FP/FPTests/bin/Debug/FPTests.DLL" adapterTypeName="Microsoft.VisualStudio.TestTools.TestTypes.Unit.UnitTestAdapter, Microsoft.VisualStudio.QualityTools.Tips.UnitTest.Adapter, Version=10.0.0.0, Culture=neutral, PublicKeyToken=b03f5f7f11d50a3a" className="FPTests.FPGrowthTest, FPTests, Version=1.0.0.0, Culture=neutral, PublicKeyToken=null" name="CreateFPTreeAndGenerateFrequentItemsetsTest" />
    </UnitTest>
  </TestDefinitions>
  <TestLists>
    <TestList name="Results Not in a List" id="8c84fa94-04c1-424b-9868-57a2d4851a1d" />
    <TestList name="All Loaded Results" id="19431567-8539-422a-85d7-44ee4e166bda" />
  </TestLists>
  <TestEntries>
    <TestEntry testId="8916fbf7-ae10-ef6b-ce0d-0b99d058f863" executionId="2e833f3c-b84a-4a3b-b81b-6b3dcf7b615b" testListId="8c84fa94-04c1-424b-9868-57a2d4851a1d" />
  </TestEntries>
  <Results>
    <UnitTestResult executionId="2e833f3c-b84a-4a3b-b81b-6b3dcf7b615b" testId="8916fbf7-ae10-ef6b-ce0d-0b99d058f863" testName="CreateFPTreeAndGenerateFrequentItemsetsTest" computerName="ANONYMOUS-PC" duration="00:00:00.6551703" startTime="2013-10-29T17:08:55.8309648+06:00" endTime="2013-10-29T17:08:58.1510976+06:00" testType="13cdc9d9-ddb5-4fa4-a97d-d965ccfc6d4b" outcome="Passed" testListId="8c84fa94-04c1-424b-9868-57a2d4851a1d" relativeResultsDirectory="2e833f3c-b84a-4a3b-b81b-6b3dcf7b615b">
      <Output>
        <StdOut>13 itemsets for 85
14 itemsets for 86
17 itemsets for 34
24 itemsets for 90
39 itemsets for 36
64 itemsets for 39
89 itemsets for 59
108 itemsets for 63
123 itemsets for 24
138 itemsets for 53
145 itemsets for 67
152 itemsets for 76
153 itemsets for 2
153</StdOut>
      </Output>
    </UnitTestResult>
  </Results>
</TestRun>